<?xml version="1.0" encoding="UTF-8"?>
<!-- Generated by org.testng.reporters.JUnitXMLReporter -->
<testsuite ignored="1" hostname="Sayed-Sadat" failures="1" tests="25" name="Surefire test" time="30.54" errors="0" timestamp="2023-09-13T18:19:28 PDT">
  <testcase classname="tests.TestNG_Features" name="runTestMultipleTimes" time="0.015"/>
  <testcase classname="tests.TestNG_Features" name="runTestMultipleTimes" time="0.003"/>
  <testcase classname="tests.TestNG_GroupingAndDependency" name="alwaysRun" time="0.001"/>
  <testcase classname="tests.TestNG_GroupingAndDependency" name="dependsOnMethods" time="0.007"/>
  <testcase classname="tests.TestNG_Features" name="description" time="0.004"/>
  <testcase classname="tests.TestNG_GroupingAndDependency" name="description" time="0.002"/>
  <testcase classname="tests.TestNG_Features" name="dividedByZeroExample1" time="0.006"/>
  <testcase classname="tests.TestNG_Features" name="executetimeOut" time="0.069"/>
  <testcase classname="tests.LoginTest" name="login" time="0.08">
    <failure type="java.lang.AssertionError" message="expected [true] but found [false]">
      <![CDATA[java.lang.AssertionError: expected [true] but found [false]
at tests.LoginTest.login(LoginTest.java:27)
at java.base/java.util.ArrayList.forEach(ArrayList.java:1511)
... Removed 34 stack frames]]>
    </failure>
  </testcase> <!-- login -->
  <testcase classname="tests.TestNG_Annotations" name="login" time="0.001"/>
  <testcase classname="tests.TestNG_GroupingAndDependency" name="runTestMultipleTimes" time="0.0"/>
  <testcase classname="tests.TestNG_GroupingAndDependency" name="runTestMultipleTimes" time="0.001"/>
  <testcase classname="tests.TestNG_Features" name="test" time="0.004"/>
  <testcase classname="tests.TestNG_GroupingAndDependency" name="test" time="0.001"/>
  <testcase classname="tests.TestNG_Annotations" name="test1" time="0.0"/>
  <testcase classname="tests.TestNG_GroupingAndDependency" name="test1" time="0.0"/>
  <testcase classname="tests.TestNG_Annotations" name="test2" time="0.001"/>
  <testcase classname="tests.TestNG_GroupingAndDependency" name="test2" time="0.02"/>
  <testcase classname="tests.TestNG_GroupingAndDependency" name="test2" time="0.012"/>
  <testcase classname="tests.TestNG_GroupingAndDependency" name="test4" time="0.001"/>
  <testcase classname="tests.TestNG_GroupingAndDependency" name="test5" time="0.001"/>
  <testcase classname="tests.TestNG_Features" name="testCaseSkipException" time="0.001"/>
  <testcase classname="tests.TestNG_Features" name="alwaysRun" time="0.001"/>
  <testcase classname="tests.TestNG_Features" name="smoke" time="0.0"/>
  <testcase classname="tests.TestNG_Features" name="integration" time="0.001"/>
  <testcase classname="tests.TestNG_GroupingAndDependency" name="test3" time="0.0">
    <ignored/>
  </testcase> <!-- test3 -->
</testsuite> <!-- Surefire test -->
