<?xml version="1.0" encoding="UTF-8"?>
<!-- Generated by org.testng.reporters.JUnitXMLReporter -->
<testsuite ignored="1" hostname="Sayed-Sadat" failures="0" tests="10" name="My suite" time="0.51" errors="0" timestamp="2023-09-13T17:51:52 PDT">
  <testcase classname="tests.TestNG_GroupingAndDependency" name="alwaysRun" time="0.047"/>
  <testcase classname="tests.TestNG_GroupingAndDependency" name="description" time="0.005"/>
  <testcase classname="tests.TestNG_GroupingAndDependency" name="runTestMultipleTimes" time="0.003"/>
  <testcase classname="tests.TestNG_GroupingAndDependency" name="runTestMultipleTimes" time="0.004"/>
  <testcase classname="tests.TestNG_GroupingAndDependency" name="test" time="0.004"/>
  <testcase classname="tests.TestNG_GroupingAndDependency" name="test4" time="0.003"/>
  <testcase classname="tests.TestNG_GroupingAndDependency" name="dependsOnMethods" time="0.029"/>
  <testcase classname="tests.TestNG_GroupingAndDependency" name="test1" time="0.011"/>
  <testcase classname="tests.TestNG_GroupingAndDependency" name="test2" time="0.01"/>
  <testcase classname="tests.TestNG_GroupingAndDependency" name="test5" time="0.009"/>
  <testcase classname="tests.TestNG_GroupingAndDependency" name="test3" time="0.0">
    <ignored/>
  </testcase> <!-- test3 -->
</testsuite> <!-- My suite -->
