<?xml version="1.0" encoding="UTF-8"?>
<!-- Generated by org.testng.reporters.JUnitXMLReporter -->
<testsuite ignored="0" hostname="Sayed-Sadat" failures="0" tests="3" name="Test1" time="0.143" errors="0" timestamp="2023-09-11T18:26:19 PDT">
  <testcase classname="tests.TestNG_Annotations" name="login" time="0.012"/>
  <testcase classname="tests.TestNG_Annotations" name="test1" time="0.007"/>
  <testcase classname="tests.TestNG_Annotations" name="test2" time="0.006"/>
</testsuite> <!-- Test1 -->
