<?xml version="1.0" encoding="UTF-8"?>
<!-- Generated by org.testng.reporters.JUnitXMLReporter -->
<testsuite ignored="0" hostname="Sayed-Sadat" failures="0" tests="1" name="Testing Parameterization" time="0.142" errors="0" timestamp="2023-09-13T18:28:07 PDT">
  <testcase classname="tests.Parameterization" name="@BeforeTest beforeTest" time="0.021">
    <failure type="java.lang.NullPointerException" message="Cannot invoke &amp;quot;java.util.Properties.getProperty(String)&amp;quot; because &amp;quot;core.BaseClass.properties&amp;quot; is null">
      <![CDATA[java.lang.NullPointerException: Cannot invoke "java.util.Properties.getProperty(String)" because "core.BaseClass.properties" is null
at core.BaseClass.getBrowserName(BaseClass.java:51)
at core.BaseClass.initializeDriver(BaseClass.java:79)
at tests.Parameterization.beforeTest(Parameterization.java:14)
... Removed 22 stack frames]]>
    </failure>
  </testcase> <!-- @BeforeTest beforeTest -->
  <testcase classname="tests.Parameterization" name="testCaseTwo" time="0.0">
    <skipped/>
  </testcase> <!-- testCaseTwo -->
</testsuite> <!-- Testing Parameterization -->
