<?xml version="1.0" encoding="UTF-8"?>
<testng-results ignored="0" total="10" passed="10" failed="0" skipped="0">
  <reporter-output>
  </reporter-output>
  <suite started-at="2023-09-08T19:02:31 PDT" name="Default suite" finished-at="2023-09-08T19:02:31 PDT" duration-ms="307">
    <groups>
      <group name="regression">
        <method signature="TestNG_GroupingAndDependency.test4()[pri:0, instance:tests.TestNG_GroupingAndDependency@36f48b4]" name="test4" class="tests.TestNG_GroupingAndDependency"/>
      </group> <!-- regression -->
      <group name="smoke">
        <method signature="TestNG_GroupingAndDependency.test1()[pri:0, instance:tests.TestNG_GroupingAndDependency@36f48b4]" name="test1" class="tests.TestNG_GroupingAndDependency"/>
        <method signature="TestNG_GroupingAndDependency.test2()[pri:0, instance:tests.TestNG_GroupingAndDependency@36f48b4]" name="test2" class="tests.TestNG_GroupingAndDependency"/>
      </group> <!-- smoke -->
    </groups>
    <test started-at="2023-09-08T19:02:31 PDT" name="Default test" finished-at="2023-09-08T19:02:31 PDT" duration-ms="307">
      <class name="tests.TestNG_GroupingAndDependency">
        <test-method is-config="true" signature="beforeSuite()[pri:0, instance:tests.TestNG_GroupingAndDependency@36f48b4]" started-at="2023-09-08T19:02:31 PDT" name="beforeSuite" finished-at="2023-09-08T19:02:31 PDT" duration-ms="17" status="PASS">
          <reporter-output>
          </reporter-output>
        </test-method> <!-- beforeSuite -->
        <test-method is-config="true" signature="beforTest()[pri:0, instance:tests.TestNG_GroupingAndDependency@36f48b4]" started-at="2023-09-08T19:02:31 PDT" name="beforTest" finished-at="2023-09-08T19:02:31 PDT" duration-ms="2" status="PASS">
          <reporter-output>
          </reporter-output>
        </test-method> <!-- beforTest -->
        <test-method is-config="true" signature="beforeClass()[pri:0, instance:tests.TestNG_GroupingAndDependency@36f48b4]" started-at="2023-09-08T19:02:31 PDT" name="beforeClass" finished-at="2023-09-08T19:02:31 PDT" duration-ms="1" status="PASS">
          <reporter-output>
          </reporter-output>
        </test-method> <!-- beforeClass -->
        <test-method is-config="true" signature="beforeMethod()[pri:0, instance:tests.TestNG_GroupingAndDependency@36f48b4]" started-at="2023-09-08T19:02:31 PDT" name="beforeMethod" finished-at="2023-09-08T19:02:31 PDT" duration-ms="3" status="PASS">
          <reporter-output>
          </reporter-output>
        </test-method> <!-- beforeMethod -->
        <test-method signature="alwaysRun()[pri:0, instance:tests.TestNG_GroupingAndDependency@36f48b4]" started-at="2023-09-08T19:02:31 PDT" name="alwaysRun" finished-at="2023-09-08T19:02:31 PDT" duration-ms="24" status="PASS">
          <reporter-output>
          </reporter-output>
        </test-method> <!-- alwaysRun -->
        <test-method is-config="true" signature="afterMethod()[pri:0, instance:tests.TestNG_GroupingAndDependency@36f48b4]" started-at="2023-09-08T19:02:31 PDT" name="afterMethod" finished-at="2023-09-08T19:02:31 PDT" duration-ms="0" status="PASS">
          <reporter-output>
          </reporter-output>
        </test-method> <!-- afterMethod -->
        <test-method is-config="true" signature="beforeMethod()[pri:0, instance:tests.TestNG_GroupingAndDependency@36f48b4]" started-at="2023-09-08T19:02:31 PDT" name="beforeMethod" finished-at="2023-09-08T19:02:31 PDT" duration-ms="1" status="PASS">
          <reporter-output>
          </reporter-output>
        </test-method> <!-- beforeMethod -->
        <test-method signature="description()[pri:0, instance:tests.TestNG_GroupingAndDependency@36f48b4]" started-at="2023-09-08T19:02:31 PDT" name="description" description="it is not ready yet" finished-at="2023-09-08T19:02:31 PDT" duration-ms="8" status="PASS">
          <reporter-output>
          </reporter-output>
        </test-method> <!-- description -->
        <test-method is-config="true" signature="afterMethod()[pri:0, instance:tests.TestNG_GroupingAndDependency@36f48b4]" started-at="2023-09-08T19:02:31 PDT" name="afterMethod" finished-at="2023-09-08T19:02:31 PDT" duration-ms="0" status="PASS">
          <reporter-output>
          </reporter-output>
        </test-method> <!-- afterMethod -->
        <test-method signature="runTestMultipleTimes()[pri:0, instance:tests.TestNG_GroupingAndDependency@36f48b4]" started-at="2023-09-08T19:02:31 PDT" name="runTestMultipleTimes" finished-at="2023-09-08T19:02:31 PDT" duration-ms="4" status="PASS">
          <reporter-output>
          </reporter-output>
        </test-method> <!-- runTestMultipleTimes -->
        <test-method is-config="true" signature="beforeMethod()[pri:0, instance:tests.TestNG_GroupingAndDependency@36f48b4]" started-at="2023-09-08T19:02:31 PDT" name="beforeMethod" finished-at="2023-09-08T19:02:31 PDT" duration-ms="0" status="PASS">
          <reporter-output>
          </reporter-output>
        </test-method> <!-- beforeMethod -->
        <test-method is-config="true" signature="afterMethod()[pri:0, instance:tests.TestNG_GroupingAndDependency@36f48b4]" started-at="2023-09-08T19:02:31 PDT" name="afterMethod" finished-at="2023-09-08T19:02:31 PDT" duration-ms="0" status="PASS">
          <reporter-output>
          </reporter-output>
        </test-method> <!-- afterMethod -->
        <test-method is-config="true" signature="beforeMethod()[pri:0, instance:tests.TestNG_GroupingAndDependency@36f48b4]" started-at="2023-09-08T19:02:31 PDT" name="beforeMethod" finished-at="2023-09-08T19:02:31 PDT" duration-ms="1" status="PASS">
          <reporter-output>
          </reporter-output>
        </test-method> <!-- beforeMethod -->
        <test-method signature="runTestMultipleTimes()[pri:0, instance:tests.TestNG_GroupingAndDependency@36f48b4]" started-at="2023-09-08T19:02:31 PDT" name="runTestMultipleTimes" finished-at="2023-09-08T19:02:31 PDT" duration-ms="3" status="PASS">
          <reporter-output>
          </reporter-output>
        </test-method> <!-- runTestMultipleTimes -->
        <test-method is-config="true" signature="afterMethod()[pri:0, instance:tests.TestNG_GroupingAndDependency@36f48b4]" started-at="2023-09-08T19:02:31 PDT" name="afterMethod" finished-at="2023-09-08T19:02:31 PDT" duration-ms="4" status="PASS">
          <reporter-output>
          </reporter-output>
        </test-method> <!-- afterMethod -->
        <test-method signature="test1()[pri:0, instance:tests.TestNG_GroupingAndDependency@36f48b4]" started-at="2023-09-08T19:02:31 PDT" name="test1" finished-at="2023-09-08T19:02:31 PDT" duration-ms="4" status="PASS">
          <reporter-output>
          </reporter-output>
        </test-method> <!-- test1 -->
        <test-method is-config="true" signature="beforeMethod()[pri:0, instance:tests.TestNG_GroupingAndDependency@36f48b4]" started-at="2023-09-08T19:02:31 PDT" name="beforeMethod" finished-at="2023-09-08T19:02:31 PDT" duration-ms="0" status="PASS">
          <reporter-output>
          </reporter-output>
        </test-method> <!-- beforeMethod -->
        <test-method is-config="true" signature="afterMethod()[pri:0, instance:tests.TestNG_GroupingAndDependency@36f48b4]" started-at="2023-09-08T19:02:31 PDT" name="afterMethod" finished-at="2023-09-08T19:02:31 PDT" duration-ms="0" status="PASS">
          <reporter-output>
          </reporter-output>
        </test-method> <!-- afterMethod -->
        <test-method is-config="true" signature="beforeMethod()[pri:0, instance:tests.TestNG_GroupingAndDependency@36f48b4]" started-at="2023-09-08T19:02:31 PDT" name="beforeMethod" finished-at="2023-09-08T19:02:31 PDT" duration-ms="0" status="PASS">
          <reporter-output>
          </reporter-output>
        </test-method> <!-- beforeMethod -->
        <test-method signature="test()[pri:0, instance:tests.TestNG_GroupingAndDependency@36f48b4]" started-at="2023-09-08T19:02:31 PDT" name="test" finished-at="2023-09-08T19:02:31 PDT" duration-ms="2" status="PASS">
          <reporter-output>
          </reporter-output>
        </test-method> <!-- test -->
        <test-method is-config="true" signature="afterMethod()[pri:0, instance:tests.TestNG_GroupingAndDependency@36f48b4]" started-at="2023-09-08T19:02:31 PDT" name="afterMethod" finished-at="2023-09-08T19:02:31 PDT" duration-ms="1" status="PASS">
          <reporter-output>
          </reporter-output>
        </test-method> <!-- afterMethod -->
        <test-method is-config="true" signature="beforeMethod()[pri:0, instance:tests.TestNG_GroupingAndDependency@36f48b4]" started-at="2023-09-08T19:02:31 PDT" name="beforeMethod" finished-at="2023-09-08T19:02:31 PDT" duration-ms="0" status="PASS">
          <reporter-output>
          </reporter-output>
        </test-method> <!-- beforeMethod -->
        <test-method signature="test2()[pri:0, instance:tests.TestNG_GroupingAndDependency@36f48b4]" started-at="2023-09-08T19:02:31 PDT" name="test2" finished-at="2023-09-08T19:02:31 PDT" duration-ms="1" status="PASS">
          <reporter-output>
          </reporter-output>
        </test-method> <!-- test2 -->
        <test-method is-config="true" signature="afterMethod()[pri:0, instance:tests.TestNG_GroupingAndDependency@36f48b4]" started-at="2023-09-08T19:02:31 PDT" name="afterMethod" finished-at="2023-09-08T19:02:31 PDT" duration-ms="0" status="PASS">
          <reporter-output>
          </reporter-output>
        </test-method> <!-- afterMethod -->
        <test-method signature="test4()[pri:0, instance:tests.TestNG_GroupingAndDependency@36f48b4]" started-at="2023-09-08T19:02:31 PDT" name="test4" finished-at="2023-09-08T19:02:31 PDT" duration-ms="3" status="PASS">
          <reporter-output>
          </reporter-output>
        </test-method> <!-- test4 -->
        <test-method is-config="true" signature="beforeMethod()[pri:0, instance:tests.TestNG_GroupingAndDependency@36f48b4]" started-at="2023-09-08T19:02:31 PDT" name="beforeMethod" finished-at="2023-09-08T19:02:31 PDT" duration-ms="0" status="PASS">
          <reporter-output>
          </reporter-output>
        </test-method> <!-- beforeMethod -->
        <test-method is-config="true" signature="afterMethod()[pri:0, instance:tests.TestNG_GroupingAndDependency@36f48b4]" started-at="2023-09-08T19:02:31 PDT" name="afterMethod" finished-at="2023-09-08T19:02:31 PDT" duration-ms="5" status="PASS">
          <reporter-output>
          </reporter-output>
        </test-method> <!-- afterMethod -->
        <test-method is-config="true" signature="beforeMethod()[pri:0, instance:tests.TestNG_GroupingAndDependency@36f48b4]" started-at="2023-09-08T19:02:31 PDT" name="beforeMethod" finished-at="2023-09-08T19:02:31 PDT" duration-ms="1" status="PASS">
          <reporter-output>
          </reporter-output>
        </test-method> <!-- beforeMethod -->
        <test-method signature="dependsOnMethods()[pri:0, instance:tests.TestNG_GroupingAndDependency@36f48b4]" started-at="2023-09-08T19:02:31 PDT" name="dependsOnMethods" finished-at="2023-09-08T19:02:31 PDT" depends-on-methods="tests.TestNG_GroupingAndDependency.alwaysRun" duration-ms="8" status="PASS">
          <reporter-output>
          </reporter-output>
        </test-method> <!-- dependsOnMethods -->
        <test-method is-config="true" signature="afterMethod()[pri:0, instance:tests.TestNG_GroupingAndDependency@36f48b4]" started-at="2023-09-08T19:02:31 PDT" name="afterMethod" finished-at="2023-09-08T19:02:31 PDT" duration-ms="1" status="PASS">
          <reporter-output>
          </reporter-output>
        </test-method> <!-- afterMethod -->
        <test-method is-config="true" signature="beforeMethod()[pri:0, instance:tests.TestNG_GroupingAndDependency@36f48b4]" started-at="2023-09-08T19:02:31 PDT" name="beforeMethod" finished-at="2023-09-08T19:02:31 PDT" duration-ms="1" status="PASS">
          <reporter-output>
          </reporter-output>
        </test-method> <!-- beforeMethod -->
        <test-method signature="test5()[pri:0, instance:tests.TestNG_GroupingAndDependency@36f48b4]" started-at="2023-09-08T19:02:31 PDT" name="test5" depends-on-groups="regression" finished-at="2023-09-08T19:02:31 PDT" duration-ms="4" status="PASS">
          <reporter-output>
          </reporter-output>
        </test-method> <!-- test5 -->
        <test-method is-config="true" signature="afterMethod()[pri:0, instance:tests.TestNG_GroupingAndDependency@36f48b4]" started-at="2023-09-08T19:02:31 PDT" name="afterMethod" finished-at="2023-09-08T19:02:31 PDT" duration-ms="1" status="PASS">
          <reporter-output>
          </reporter-output>
        </test-method> <!-- afterMethod -->
        <test-method is-config="true" signature="afterClass()[pri:0, instance:tests.TestNG_GroupingAndDependency@36f48b4]" started-at="2023-09-08T19:02:31 PDT" name="afterClass" finished-at="2023-09-08T19:02:31 PDT" duration-ms="1" status="PASS">
          <reporter-output>
          </reporter-output>
        </test-method> <!-- afterClass -->
        <test-method is-config="true" signature="afterTest()[pri:0, instance:tests.TestNG_GroupingAndDependency@36f48b4]" started-at="2023-09-08T19:02:31 PDT" name="afterTest" finished-at="2023-09-08T19:02:31 PDT" duration-ms="2" status="PASS">
          <reporter-output>
          </reporter-output>
        </test-method> <!-- afterTest -->
        <test-method is-config="true" signature="gracefulTearDown()[pri:0, instance:tests.TestNG_GroupingAndDependency@36f48b4]" started-at="2023-09-08T19:02:31 PDT" name="gracefulTearDown" finished-at="2023-09-08T19:02:31 PDT" duration-ms="0" status="PASS">
          <reporter-output>
          </reporter-output>
        </test-method> <!-- gracefulTearDown -->
        <test-method is-config="true" signature="afterSuite()[pri:0, instance:tests.TestNG_GroupingAndDependency@36f48b4]" started-at="2023-09-08T19:02:31 PDT" name="afterSuite" finished-at="2023-09-08T19:02:31 PDT" duration-ms="1" status="PASS">
          <reporter-output>
          </reporter-output>
        </test-method> <!-- afterSuite -->
      </class> <!-- tests.TestNG_GroupingAndDependency -->
    </test> <!-- Default test -->
  </suite> <!-- Default suite -->
</testng-results>
