<?xml version="1.0" encoding="UTF-8"?>
<testng-results ignored="0" total="1" passed="1" failed="0" skipped="0">
  <reporter-output>
  </reporter-output>
  <suite started-at="2023-09-20T17:17:24 PDT" name="Default suite" finished-at="2023-09-20T17:17:39 PDT" duration-ms="15324">
    <groups>
    </groups>
    <test started-at="2023-09-20T17:17:24 PDT" name="Default test" finished-at="2023-09-20T17:17:39 PDT" duration-ms="15324">
      <class name="tests.RegistrationFormTest">
        <test-method is-config="true" signature="initializeWebDriver()[pri:0, instance:tests.RegistrationFormTest@7e38a7fe]" started-at="2023-09-20T17:17:24 PDT" name="initializeWebDriver" finished-at="2023-09-20T17:17:33 PDT" duration-ms="9304" status="PASS">
          <reporter-output>
          </reporter-output>
        </test-method> <!-- initializeWebDriver -->
        <test-method signature="registrationFormTest(java.lang.String,java.lang.String,java.lang.String,java.lang.String,java.lang.String,java.lang.String)[pri:0, instance:tests.RegistrationFormTest@7e38a7fe]" started-at="2023-09-20T17:17:34 PDT" name="registrationFormTest" data-provider="getTestData" finished-at="2023-09-20T17:17:39 PDT" duration-ms="5117" status="PASS">
          <params>
            <param index="0">
              <value>
                <![CDATA[smud]]>
              </value>
            </param>
            <param index="1">
              <value>
                <![CDATA[gasstation]]>
              </value>
            </param>
            <param index="2">
              <value>
                <![CDATA[kabul2123@gmail.com]]>
              </value>
            </param>
            <param index="3">
              <value>
                <![CDATA[9.16579124E9]]>
              </value>
            </param>
            <param index="4">
              <value>
                <![CDATA[12ed12345]]>
              </value>
            </param>
            <param index="5">
              <value>
                <![CDATA[12ed12345]]>
              </value>
            </param>
          </params>
          <reporter-output>
          </reporter-output>
        </test-method> <!-- registrationFormTest -->
        <test-method is-config="true" signature="close()[pri:0, instance:tests.RegistrationFormTest@7e38a7fe]" started-at="2023-09-20T17:17:39 PDT" name="close" finished-at="2023-09-20T17:17:39 PDT" duration-ms="274" status="PASS">
          <reporter-output>
          </reporter-output>
        </test-method> <!-- close -->
      </class> <!-- tests.RegistrationFormTest -->
    </test> <!-- Default test -->
  </suite> <!-- Default suite -->
</testng-results>
