<?xml version="1.0" encoding="UTF-8"?>
<testng-results ignored="0" total="2" passed="2" failed="0" skipped="0">
  <reporter-output>
  </reporter-output>
  <suite started-at="2023-09-13T19:01:55 PDT" name="Default suite" finished-at="2023-09-13T19:01:56 PDT" duration-ms="197">
    <groups>
    </groups>
    <test started-at="2023-09-13T19:01:55 PDT" name="Default test" finished-at="2023-09-13T19:01:56 PDT" duration-ms="197">
      <class name="tests.DataProviderTest">
        <test-method signature="test(java.lang.String,java.lang.String)[pri:0, instance:tests.DataProviderTest@625abb97]" started-at="2023-09-13T19:01:56 PDT" name="test" data-provider="data" finished-at="2023-09-13T19:01:56 PDT" duration-ms="48" status="PASS">
          <params>
            <param index="0">
              <value>
                <![CDATA[user1]]>
              </value>
            </param>
            <param index="1">
              <value>
                <![CDATA[user2]]>
              </value>
            </param>
          </params>
          <reporter-output>
          </reporter-output>
        </test-method> <!-- test -->
        <test-method signature="test(java.lang.String,java.lang.String)[pri:0, instance:tests.DataProviderTest@625abb97]" started-at="2023-09-13T19:01:56 PDT" name="test" data-provider="data" finished-at="2023-09-13T19:01:56 PDT" duration-ms="4" status="PASS">
          <params>
            <param index="0">
              <value>
                <![CDATA[pass1]]>
              </value>
            </param>
            <param index="1">
              <value>
                <![CDATA[pass2]]>
              </value>
            </param>
          </params>
          <reporter-output>
          </reporter-output>
        </test-method> <!-- test -->
      </class> <!-- tests.DataProviderTest -->
    </test> <!-- Default test -->
  </suite> <!-- Default suite -->
</testng-results>
