<?xml version="1.0" encoding="UTF-8"?>
<testng-results total="1" passed="1" failed="0" skipped="0">
  <reporter-output>
  </reporter-output>
  <suite started-at="2023-08-23T14:15:50Z" name="Default suite" finished-at="2023-08-23T14:15:58Z" duration-ms="8493">
    <groups>
    </groups>
    <test started-at="2023-08-23T14:15:50Z" name="Default test" finished-at="2023-08-23T14:15:58Z" duration-ms="8493">
      <class name="tests.testNG_Annotations">
        <test-method is-config="true" signature="beforeSuite()[pri:0, instance:tests.testNG_Annotations@1acaf3d]" started-at="2023-08-23T07:15:50Z" name="beforeSuite" finished-at="2023-08-23T07:15:50Z" duration-ms="17" status="PASS">
          <reporter-output>
          </reporter-output>
        </test-method> <!-- beforeSuite -->
        <test-method is-config="true" signature="beforTest()[pri:0, instance:tests.testNG_Annotations@1acaf3d]" started-at="2023-08-23T07:15:50Z" name="beforTest" finished-at="2023-08-23T07:15:50Z" duration-ms="1" status="PASS">
          <reporter-output>
          </reporter-output>
        </test-method> <!-- beforTest -->
        <test-method is-config="true" signature="user_is_on_test_environment_page()[pri:0, instance:tests.testNG_Annotations@1acaf3d]" started-at="2023-08-23T07:15:50Z" name="user_is_on_test_environment_page" finished-at="2023-08-23T07:15:58Z" duration-ms="8057" status="PASS">
          <reporter-output>
          </reporter-output>
        </test-method> <!-- user_is_on_test_environment_page -->
        <test-method is-config="true" signature="beforeClass()[pri:0, instance:tests.testNG_Annotations@1acaf3d]" started-at="2023-08-23T07:15:58Z" name="beforeClass" finished-at="2023-08-23T07:15:58Z" duration-ms="0" status="PASS">
          <reporter-output>
          </reporter-output>
        </test-method> <!-- beforeClass -->
        <test-method is-config="true" signature="beforeMethod()[pri:0, instance:tests.testNG_Annotations@1acaf3d]" started-at="2023-08-23T07:15:58Z" name="beforeMethod" finished-at="2023-08-23T07:15:58Z" duration-ms="0" status="PASS">
          <reporter-output>
          </reporter-output>
        </test-method> <!-- beforeMethod -->
        <test-method signature="test1()[pri:0, instance:tests.testNG_Annotations@1acaf3d]" started-at="2023-08-23T07:15:58Z" name="test1" finished-at="2023-08-23T07:15:58Z" duration-ms="8" status="PASS">
          <reporter-output>
          </reporter-output>
        </test-method> <!-- test1 -->
        <test-method is-config="true" signature="afterClass()[pri:0, instance:tests.testNG_Annotations@1acaf3d]" started-at="2023-08-23T07:15:58Z" name="afterClass" finished-at="2023-08-23T07:15:58Z" duration-ms="1" status="PASS">
          <reporter-output>
          </reporter-output>
        </test-method> <!-- afterClass -->
        <test-method is-config="true" signature="afterMethod()[pri:0, instance:tests.testNG_Annotations@1acaf3d]" started-at="2023-08-23T07:15:58Z" name="afterMethod" finished-at="2023-08-23T07:15:58Z" duration-ms="0" status="PASS">
          <reporter-output>
          </reporter-output>
        </test-method> <!-- afterMethod -->
        <test-method is-config="true" signature="afterTest()[pri:0, instance:tests.testNG_Annotations@1acaf3d]" started-at="2023-08-23T07:15:58Z" name="afterTest" finished-at="2023-08-23T07:15:58Z" duration-ms="0" status="PASS">
          <reporter-output>
          </reporter-output>
        </test-method> <!-- afterTest -->
        <test-method is-config="true" signature="gracefulTearDown()[pri:0, instance:tests.testNG_Annotations@1acaf3d]" started-at="2023-08-23T07:15:58Z" name="gracefulTearDown" finished-at="2023-08-23T07:15:58Z" duration-ms="408" status="PASS">
          <reporter-output>
          </reporter-output>
        </test-method> <!-- gracefulTearDown -->
        <test-method is-config="true" signature="afterSuite()[pri:0, instance:tests.testNG_Annotations@1acaf3d]" started-at="2023-08-23T07:15:58Z" name="afterSuite" finished-at="2023-08-23T07:15:58Z" duration-ms="2" status="PASS">
          <reporter-output>
          </reporter-output>
        </test-method> <!-- afterSuite -->
      </class> <!-- tests.testNG_Annotations -->
    </test> <!-- Default test -->
  </suite> <!-- Default suite -->
</testng-results>
