<?xml version="1.0" encoding="UTF-8"?>
<testng-results ignored="0" total="2" passed="2" failed="0" skipped="0">
  <reporter-output>
  </reporter-output>
  <suite started-at="2023-09-15T20:01:51 PDT" name="Default suite" finished-at="2023-09-15T20:02:10 PDT" duration-ms="19487">
    <groups>
    </groups>
    <test started-at="2023-09-15T20:01:51 PDT" name="Default test" finished-at="2023-09-15T20:02:10 PDT" duration-ms="19487">
      <class name="tests.RegistrationFormTest">
        <test-method is-config="true" signature="initializeWebDriver()[pri:0, instance:tests.RegistrationFormTest@7e38a7fe]" started-at="2023-09-15T20:01:51 PDT" name="initializeWebDriver" finished-at="2023-09-15T20:02:00 PDT" duration-ms="8985" status="PASS">
          <reporter-output>
          </reporter-output>
        </test-method> <!-- initializeWebDriver -->
        <test-method signature="registrationFormTest(java.lang.String,java.lang.String,java.lang.String,java.lang.String,java.lang.String,java.lang.String)[pri:0, instance:tests.RegistrationFormTest@7e38a7fe]" started-at="2023-09-15T20:02:01 PDT" name="registrationFormTest" data-provider="getTestData" finished-at="2023-09-15T20:02:06 PDT" duration-ms="4699" status="PASS">
          <params>
            <param index="0">
              <value>
                <![CDATA[Jawidq]]>
              </value>
            </param>
            <param index="1">
              <value>
                <![CDATA[Ashooryq]]>
              </value>
            </param>
            <param index="2">
              <value>
                <![CDATA[jawid@hotmail.comeq]]>
              </value>
            </param>
            <param index="3">
              <value>
                <![CDATA[3.2222222222E10]]>
              </value>
            </param>
            <param index="4">
              <value>
                <![CDATA[test1233]]>
              </value>
            </param>
            <param index="5">
              <value>
                <![CDATA[test1243]]>
              </value>
            </param>
          </params>
          <reporter-output>
          </reporter-output>
        </test-method> <!-- registrationFormTest -->
        <test-method signature="registrationFormTest(java.lang.String,java.lang.String,java.lang.String,java.lang.String,java.lang.String,java.lang.String)[pri:0, instance:tests.RegistrationFormTest@7e38a7fe]" started-at="2023-09-15T20:02:06 PDT" name="registrationFormTest" data-provider="getTestData" finished-at="2023-09-15T20:02:10 PDT" duration-ms="4323" status="PASS">
          <params>
            <param index="0">
              <value>
                <![CDATA[hamid]]>
              </value>
            </param>
            <param index="1">
              <value>
                <![CDATA[Saremq]]>
              </value>
            </param>
            <param index="2">
              <value>
                <![CDATA[hamid@gmail.comq]]>
              </value>
            </param>
            <param index="3">
              <value>
                <![CDATA[3.4444444444E10]]>
              </value>
            </param>
            <param index="4">
              <value>
                <![CDATA[123test3]]>
              </value>
            </param>
            <param index="5">
              <value>
                <![CDATA[123test3]]>
              </value>
            </param>
          </params>
          <reporter-output>
          </reporter-output>
        </test-method> <!-- registrationFormTest -->
        <test-method is-config="true" signature="close()[pri:0, instance:tests.RegistrationFormTest@7e38a7fe]" started-at="2023-09-15T20:02:10 PDT" name="close" finished-at="2023-09-15T20:02:10 PDT" duration-ms="426" status="PASS">
          <reporter-output>
          </reporter-output>
        </test-method> <!-- close -->
      </class> <!-- tests.RegistrationFormTest -->
    </test> <!-- Default test -->
  </suite> <!-- Default suite -->
</testng-results>
