<?xml version="1.0" encoding="UTF-8"?>
<testng-results ignored="0" total="1" passed="1" failed="0" skipped="0">
  <reporter-output>
  </reporter-output>
  <suite started-at="2023-09-06T18:40:05 PDT" name="Default suite" finished-at="2023-09-06T18:40:05 PDT" duration-ms="37">
    <groups>
    </groups>
    <test started-at="2023-09-06T18:40:05 PDT" name="Default test" finished-at="2023-09-06T18:40:05 PDT" duration-ms="37">
      <class name="tests.TestNG_Annotations">
        <test-method is-config="true" signature="beforeSuite()[pri:0, instance:tests.TestNG_Annotations@3a3e4aff]" started-at="2023-09-06T18:40:05 PDT" name="beforeSuite" finished-at="2023-09-06T18:40:05 PDT" duration-ms="10" status="PASS">
          <reporter-output>
          </reporter-output>
        </test-method> <!-- beforeSuite -->
        <test-method signature="login()[pri:0, instance:tests.TestNG_Annotations@3a3e4aff]" started-at="2023-09-06T18:40:05 PDT" name="login" finished-at="2023-09-06T18:40:05 PDT" duration-ms="5" status="PASS">
          <reporter-output>
          </reporter-output>
        </test-method> <!-- login -->
      </class> <!-- tests.TestNG_Annotations -->
    </test> <!-- Default test -->
  </suite> <!-- Default suite -->
</testng-results>
